<?xml version="1.0" encoding="UTF-8"?>
<robot generator="Robot 7.2.2 (Python 3.13.3 on win32)" generated="2025-07-25T15:04:21.101562" rpa="false" schemaversion="5">
<suite id="s1" name="Open Log Add Customer Cancel" source="C:\Users\FINAPPS\Desktop\ISI\MP1GL\TEST_LOGICIEL_QA\YORO_GUEYE_KHALIFA_ABABACAR_DIADHIOU_EXAMEN_QA_TEST_M1GL\TEST_LAB2\testcases\open_log_add_customer_cancel.robot">
<test id="s1-t1" name="Open Home Page And Log In" line="6">
<kw name="Should be able to cancel adding new customer" owner="open_log_add_customer_cancel">
<kw name="Open Browser" owner="SeleniumLibrary">
<msg time="2025-07-25T15:04:21.419841" level="INFO">Opening browser 'chrome' to base url 'https://automationplayground.com/crm/index.html'.</msg>
<arg>${BASE_URL}</arg>
<arg>chrome</arg>
<doc>Opens a new browser instance to the optional ``url``.</doc>
<status status="PASS" start="2025-07-25T15:04:21.419574" elapsed="25.962535"/>
</kw>
<kw name="Maximize Browser Window" owner="SeleniumLibrary">
<doc>Maximizes current browser window.</doc>
<status status="PASS" start="2025-07-25T15:04:47.382533" elapsed="0.049635"/>
</kw>
<kw name="Wait Until Element Is Visible" owner="SeleniumLibrary">
<arg>${CLICK_BUTTON_SIGNIN}</arg>
<arg>timeout=10s</arg>
<doc>Waits until the element ``locator`` is visible.</doc>
<status status="PASS" start="2025-07-25T15:04:47.432744" elapsed="0.063550"/>
</kw>
<kw name="Click Element" owner="SeleniumLibrary">
<msg time="2025-07-25T15:04:47.497110" level="INFO">Clicking element 'name=sign-in-link'.</msg>
<arg>${CLICK_BUTTON_SIGNIN}</arg>
<doc>Click the element identified by ``locator``.</doc>
<status status="PASS" start="2025-07-25T15:04:47.496733" elapsed="0.685786"/>
</kw>
<kw name="Wait Until Element Is Visible" owner="SeleniumLibrary">
<arg>${LOGIN_INPUT}</arg>
<arg>timeout=10s</arg>
<doc>Waits until the element ``locator`` is visible.</doc>
<status status="PASS" start="2025-07-25T15:04:48.182844" elapsed="0.049380"/>
</kw>
<kw name="Input Text" owner="SeleniumLibrary">
<msg time="2025-07-25T15:04:48.232763" level="INFO">Typing text 'admin@robotframeworktutorial.com' into text field 'name=email-name'.</msg>
<arg>${LOGIN_INPUT}</arg>
<arg>${USERNAME}</arg>
<doc>Types the given ``text`` into the text field identified by ``locator``.</doc>
<status status="PASS" start="2025-07-25T15:04:48.232451" elapsed="0.427673"/>
</kw>
<kw name="Input Text" owner="SeleniumLibrary">
<msg time="2025-07-25T15:04:48.661142" level="INFO">Typing text 'pwd' into text field 'name=password-name'.</msg>
<arg>${PASSWORD_INPUT}</arg>
<arg>${PASSWORD}</arg>
<doc>Types the given ``text`` into the text field identified by ``locator``.</doc>
<status status="PASS" start="2025-07-25T15:04:48.660550" elapsed="0.188685"/>
</kw>
<kw name="Click Button" owner="SeleniumLibrary">
<msg time="2025-07-25T15:04:48.850228" level="INFO">Clicking button 'name=submit-name'.</msg>
<arg>${LOGIN_BUTTON}</arg>
<doc>Clicks the button identified by ``locator``.</doc>
<status status="PASS" start="2025-07-25T15:04:48.849680" elapsed="0.171041"/>
</kw>
<kw name="Wait Until Element Is Visible" owner="SeleniumLibrary">
<arg>${ADD_NEW_CUSTOMER}</arg>
<arg>timeout=10s</arg>
<doc>Waits until the element ``locator`` is visible.</doc>
<status status="PASS" start="2025-07-25T15:04:49.021034" elapsed="1.202599"/>
</kw>
<kw name="Click Element" owner="SeleniumLibrary">
<msg time="2025-07-25T15:04:50.224571" level="INFO">Clicking element 'id=new-customer'.</msg>
<arg>${ADD_NEW_CUSTOMER}</arg>
<doc>Click the element identified by ``locator``.</doc>
<status status="PASS" start="2025-07-25T15:04:50.224117" elapsed="0.645448"/>
</kw>
<kw name="Sleep" owner="BuiltIn">
<msg time="2025-07-25T15:04:52.871038" level="INFO">Slept 2 seconds.</msg>
<arg>2s</arg>
<doc>Pauses the test executed for the given time.</doc>
<status status="PASS" start="2025-07-25T15:04:50.869844" elapsed="2.001305"/>
</kw>
<kw name="Click Element" owner="SeleniumLibrary">
<msg time="2025-07-25T15:04:52.871552" level="INFO">Clicking element 'xpath=//a[normalize-space(text())='Cancel']'.</msg>
<arg>${CANCEL_NEW_CUSTOMER}</arg>
<doc>Click the element identified by ``locator``.</doc>
<status status="PASS" start="2025-07-25T15:04:52.871321" elapsed="0.451473"/>
</kw>
<kw name="Wait Until Page Contains" owner="SeleniumLibrary">
<msg time="2025-07-25T15:04:58.603093" level="INFO" html="true">&lt;/td&gt;&lt;/tr&gt;&lt;tr&gt;&lt;td colspan="3"&gt;&lt;a href="selenium-screenshot-31.png"&gt;&lt;img src="selenium-screenshot-31.png" width="800px"&gt;&lt;/a&gt;</msg>
<msg time="2025-07-25T15:04:58.603765" level="FAIL">Text 'id=new-customer' did not appear in 5 seconds.</msg>
<arg>${ADD_NEW_CUSTOMER}</arg>
<arg>timeout=5s</arg>
<doc>Waits until ``text`` appears on the current page.</doc>
<status status="FAIL" start="2025-07-25T15:04:53.323060" elapsed="5.286384">Text 'id=new-customer' did not appear in 5 seconds.</status>
</kw>
<doc>Fonctionnalité de test pour vérifier l'annulation de l'ajout d'un nouveau client</doc>
<status status="FAIL" start="2025-07-25T15:04:21.418638" elapsed="37.191143">Text 'id=new-customer' did not appear in 5 seconds.</status>
</kw>
<kw name="close browser" owner="open_log_add_customer_cancel">
<status status="NOT RUN" start="2025-07-25T15:04:58.610596" elapsed="0.000087"/>
</kw>
<tag>openlogaddcustomerscancel</tag>
<tag>smoke</tag>
<status status="FAIL" start="2025-07-25T15:04:21.417427" elapsed="37.194014">Text 'id=new-customer' did not appear in 5 seconds.</status>
</test>
<doc>Scénarios de test d'ouverture d'automatisation et de login</doc>
<status status="FAIL" start="2025-07-25T15:04:21.105038" elapsed="37.508707"/>
</suite>
<statistics>
<total>
<stat pass="0" fail="1" skip="0">All Tests</stat>
</total>
<tag>
<stat pass="0" fail="1" skip="0">openlogaddcustomerscancel</stat>
<stat pass="0" fail="1" skip="0">smoke</stat>
</tag>
<suite>
<stat name="Open Log Add Customer Cancel" id="s1" pass="0" fail="1" skip="0">Open Log Add Customer Cancel</stat>
</suite>
</statistics>
<errors>
</errors>
</robot>
