<?xml version="1.0" encoding="UTF-8"?>
<robot generator="Robot 7.2.2 (Python 3.13.3 on win32)" generated="2025-08-02T11:51:26.739663" rpa="false" schemaversion="5">
<suite id="s1" name="Open And Log" source="C:\Users\FINAPPS\Desktop\ISI\MP1GL\TEST_LOGICIEL_QA\YORO_GUEYE_KHALIFA_ABABACAR_DIADHIOU_EXAMEN_QA_TEST_M1GL\TEST_LAB2\testcases\open_and_log.robot">
<test id="s1-t1" name="Open Home Page And Log In" line="6">
<kw name="Login should succeed with valid credentials" owner="open_and_log">
<kw name="Open Browser" owner="SeleniumLibrary">
<msg time="2025-08-02T11:51:27.071632" level="INFO">Opening browser 'chrome' to base url 'https://automationplayground.com/crm/index.html'.</msg>
<arg>${BASE_URL}</arg>
<arg>chrome</arg>
<doc>Opens a new browser instance to the optional ``url``.</doc>
<status status="PASS" start="2025-08-02T11:51:27.071384" elapsed="4.531333"/>
</kw>
<kw name="Maximize Browser Window" owner="SeleniumLibrary">
<doc>Maximizes current browser window.</doc>
<status status="PASS" start="2025-08-02T11:51:31.603158" elapsed="0.062157"/>
</kw>
<kw name="Wait Until Element Is Visible" owner="SeleniumLibrary">
<arg>${CLICK_BUTTON_SIGNIN}</arg>
<arg>timeout=10s</arg>
<doc>Waits until the element ``locator`` is visible.</doc>
<status status="PASS" start="2025-08-02T11:51:31.666567" elapsed="0.095049"/>
</kw>
<kw name="Wait Until Element Is Enabled" owner="SeleniumLibrary">
<arg>${CLICK_BUTTON_SIGNIN}</arg>
<arg>timeout=10s</arg>
<doc>Waits until the element ``locator`` is enabled.</doc>
<status status="PASS" start="2025-08-02T11:51:31.762171" elapsed="0.086606"/>
</kw>
<kw name="Click Element" owner="SeleniumLibrary">
<msg time="2025-08-02T11:51:31.850000" level="INFO">Clicking element 'name=sign-in-link'.</msg>
<arg>${CLICK_BUTTON_SIGNIN}</arg>
<doc>Click the element identified by ``locator``.</doc>
<status status="PASS" start="2025-08-02T11:51:31.849294" elapsed="0.837992"/>
</kw>
<kw name="Wait Until Element Is Visible" owner="SeleniumLibrary">
<arg>${LOGIN_INPUT}</arg>
<arg>timeout=10s</arg>
<doc>Waits until the element ``locator`` is visible.</doc>
<status status="PASS" start="2025-08-02T11:51:32.688963" elapsed="0.065162"/>
</kw>
<kw name="Input Text" owner="SeleniumLibrary">
<msg time="2025-08-02T11:51:32.755256" level="INFO">Typing text 'admin@robotframeworktutorial.com' into text field 'name=email-name'.</msg>
<arg>${LOGIN_INPUT}</arg>
<arg>${USERNAME}</arg>
<doc>Types the given ``text`` into the text field identified by ``locator``.</doc>
<status status="PASS" start="2025-08-02T11:51:32.754749" elapsed="0.392264"/>
</kw>
<kw name="Input Text" owner="SeleniumLibrary">
<msg time="2025-08-02T11:51:33.149237" level="INFO">Typing text 'pwd' into text field 'name=password-name'.</msg>
<arg>${PASSWORD_INPUT}</arg>
<arg>${PASSWORD}</arg>
<doc>Types the given ``text`` into the text field identified by ``locator``.</doc>
<status status="PASS" start="2025-08-02T11:51:33.147704" elapsed="0.192198"/>
</kw>
<kw name="Click Button" owner="SeleniumLibrary">
<msg time="2025-08-02T11:51:33.341196" level="INFO">Clicking button 'name=submit-name'.</msg>
<arg>${LOGIN_BUTTON}</arg>
<doc>Clicks the button identified by ``locator``.</doc>
<status status="PASS" start="2025-08-02T11:51:33.340517" elapsed="0.414575"/>
</kw>
<kw name="Wait Until Element Is Visible" owner="SeleniumLibrary">
<msg time="2025-08-02T11:51:38.902588" level="WARN">Keyword 'Capture Page Screenshot' could not be run on failure: Message: no such window: target window already closed
from unknown error: web view not found
  (Session info: chrome=138.0.7204.184)
Stacktrace:
	GetHandleVerifier [0x0x7ff7a1d1e415+77285]
	GetHandleVerifier [0x0x7ff7a1d1e470+77376]
	(No symbol) [0x0x7ff7a1ae9a6a]
	(No symbol) [0x0x7ff7a1ac1f21]
	(No symbol) [0x0x7ff7a1b6f9be]
	(No symbol) [0x0x7ff7a1b90192]
	(No symbol) [0x0x7ff7a1b683e3]
	(No symbol) [0x0x7ff7a1b31521]
	(No symbol) [0x0x7ff7a1b322b3]
	GetHandleVerifier [0x0x7ff7a2001efd+3107021]
	GetHandleVerifier [0x0x7ff7a1ffc29d+3083373]
	GetHandleVerifier [0x0x7ff7a201bedd+3213485]
	GetHandleVerifier [0x0x7ff7a1d3884e+184862]
	GetHandleVerifier [0x0x7ff7a1d4055f+216879]
	GetHandleVerifier [0x0x7ff7a1d27084+113236]
	GetHandleVerifier [0x0x7ff7a1d27239+113673]
	GetHandleVerifier [0x0x7ff7a1d0e298+11368]
	BaseThreadInitThunk [0x0x7ff99c54257d+29]
	RtlUserThreadStart [0x0x7ff99c96af08+40]
</msg>
<msg time="2025-08-02T11:51:38.938777" level="FAIL">NoSuchWindowException: Message: no such window: target window already closed
from unknown error: web view not found
  (Session info: chrome=138.0.7204.184)
Stacktrace:
	GetHandleVerifier [0x0x7ff7a1d1e415+77285]
	GetHandleVerifier [0x0x7ff7a1d1e470+77376]
	(No symbol) [0x0x7ff7a1ae9a6a]
	(No symbol) [0x0x7ff7a1ac1f21]
	(No symbol) [0x0x7ff7a1b6f9be]
	(No symbol) [0x0x7ff7a1b90192]
	(No symbol) [0x0x7ff7a1b683e3]
	(No symbol) [0x0x7ff7a1b31521]
	(No symbol) [0x0x7ff7a1b322b3]
	GetHandleVerifier [0x0x7ff7a2001efd+3107021]
	GetHandleVerifier [0x0x7ff7a1ffc29d+3083373]
	GetHandleVerifier [0x0x7ff7a201bedd+3213485]
	GetHandleVerifier [0x0x7ff7a1d3884e+184862]
	GetHandleVerifier [0x0x7ff7a1d4055f+216879]
	GetHandleVerifier [0x0x7ff7a1d27084+113236]
	GetHandleVerifier [0x0x7ff7a1d27239+113673]
	GetHandleVerifier [0x0x7ff7a1d0e298+11368]
	BaseThreadInitThunk [0x0x7ff99c54257d+29]
	RtlUserThreadStart [0x0x7ff99c96af08+40]
</msg>
<arg>${SUCCESS_MESSAGE}</arg>
<arg>timeout=10s</arg>
<doc>Waits until the element ``locator`` is visible.</doc>
<status status="FAIL" start="2025-08-02T11:51:33.755439" elapsed="5.227319">NoSuchWindowException: Message: no such window: target window already closed
from unknown error: web view not found
  (Session info: chrome=138.0.7204.184)
Stacktrace:
	GetHandleVerifier [0x0x7ff7a1d1e415+77285]
	GetHandleVerifier [0x0x7ff7a1d1e470+77376]
	(No symbol) [0x0x7ff7a1ae9a6a]
	(No symbol) [0x0x7ff7a1ac1f21]
	(No symbol) [0x0x7ff7a1b6f9be]
	(No symbol) [0x0x7ff7a1b90192]
	(No symbol) [0x0x7ff7a1b683e3]
	(No symbol) [0x0x7ff7a1b31521]
	(No symbol) [0x0x7ff7a1b322b3]
	GetHandleVerifier [0x0x7ff7a2001efd+3107021]
	GetHandleVerifier [0x0x7ff7a1ffc29d+3083373]
	GetHandleVerifier [0x0x7ff7a201bedd+3213485]
	GetHandleVerifier [0x0x7ff7a1d3884e+184862]
	GetHandleVerifier [0x0x7ff7a1d4055f+216879]
	GetHandleVerifier [0x0x7ff7a1d27084+113236]
	GetHandleVerifier [0x0x7ff7a1d27239+113673]
	GetHandleVerifier [0x0x7ff7a1d0e298+11368]
	BaseThreadInitThunk [0x0x7ff99c54257d+29]
	RtlUserThreadStart [0x0x7ff99c96af08+40]
</status>
</kw>
<kw name="Sleep" owner="BuiltIn">
<arg>5s</arg>
<doc>Pauses the test executed for the given time.</doc>
<status status="NOT RUN" start="2025-08-02T11:51:38.984900" elapsed="0.000134"/>
</kw>
<status status="FAIL" start="2025-08-02T11:51:27.070567" elapsed="11.915164">NoSuchWindowException: Message: no such window: target window already closed
from unknown error: web view not found
  (Session info: chrome=138.0.7204.184)
Stacktrace:
	GetHandleVerifier [0x0x7ff7a1d1e415+77285]
	GetHandleVerifier [0x0x7ff7a1d1e470+77376]
	(No symbol) [0x0x7ff7a1ae9a6a]
	(No symbol) [0x0x7ff7a1ac1f21]
	(No symbol) [0x0x7ff7a1b6f9be]
	(No symbol) [0x0x7ff7a1b90192]
	(No symbol) [0x0x7ff7a1b683e3]
	(No symbol) [0x0x7ff7a1b31521]
	(No symbol) [0x0x7ff7a1b322b3]
	GetHandleVerifier [0x0x7ff7a2001efd+3107021]
	GetHandleVerifier [0x0x7ff7a1ffc29d+3083373]
	GetHandleVerifier [0x0x7ff7a201bedd+3213485]
	GetHandleVerifier [0x0x7ff7a1d3884e+184862]
	GetHandleVerifier [0x0x7ff7a1d4055f+216879]
	GetHandleVerifier [0x0x7ff7a1d27084+113236]
	GetHandleVerifier [0x0x7ff7a1d27239+113673]
	GetHandleVerifier [0x0x7ff7a1d0e298+11368]
	BaseThreadInitThunk [0x0x7ff99c54257d+29]
	RtlUserThreadStart [0x0x7ff99c96af08+40]
</status>
</kw>
<kw name="Close Browser" owner="SeleniumLibrary">
<doc>Closes the current browser.</doc>
<status status="NOT RUN" start="2025-08-02T11:51:38.988825" elapsed="0.000227"/>
</kw>
<tag>openlog</tag>
<tag>smoke</tag>
<status status="FAIL" start="2025-08-02T11:51:27.068128" elapsed="11.923851">NoSuchWindowException: Message: no such window: target window already closed
from unknown error: web view not found
  (Session info: chrome=138.0.7204.184)
Stacktrace:
	GetHandleVerifier [0x0x7ff7a1d1e415+77285]
	GetHandleVerifier [0x0x7ff7a1d1e470+77376]
	(No symbol) [0x0x7ff7a1ae9a6a]
	(No symbol) [0x0x7ff7a1ac1f21]
	(No symbol) [0x0x7ff7a1b6f9be]
	(No symbol) [0x0x7ff7a1b90192]
	(No symbol) [0x0x7ff7a1b683e3]
	(No symbol) [0x0x7ff7a1b31521]
	(No symbol) [0x0x7ff7a1b322b3]
	GetHandleVerifier [0x0x7ff7a2001efd+3107021]
	GetHandleVerifier [0x0x7ff7a1ffc29d+3083373]
	GetHandleVerifier [0x0x7ff7a201bedd+3213485]
	GetHandleVerifier [0x0x7ff7a1d3884e+184862]
	GetHandleVerifier [0x0x7ff7a1d4055f+216879]
	GetHandleVerifier [0x0x7ff7a1d27084+113236]
	GetHandleVerifier [0x0x7ff7a1d27239+113673]
	GetHandleVerifier [0x0x7ff7a1d0e298+11368]
	BaseThreadInitThunk [0x0x7ff99c54257d+29]
	RtlUserThreadStart [0x0x7ff99c96af08+40]
</status>
</test>
<doc>Scénarios de test d'ouverture d'automatisation et de login</doc>
<status status="FAIL" start="2025-08-02T11:51:26.743000" elapsed="12.259078"/>
</suite>
<statistics>
<total>
<stat pass="0" fail="1" skip="0">All Tests</stat>
</total>
<tag>
<stat pass="0" fail="1" skip="0">openlog</stat>
<stat pass="0" fail="1" skip="0">smoke</stat>
</tag>
<suite>
<stat name="Open And Log" id="s1" pass="0" fail="1" skip="0">Open And Log</stat>
</suite>
</statistics>
<errors>
<msg time="2025-08-02T11:51:38.902588" level="WARN">Keyword 'Capture Page Screenshot' could not be run on failure: Message: no such window: target window already closed
from unknown error: web view not found
  (Session info: chrome=138.0.7204.184)
Stacktrace:
	GetHandleVerifier [0x0x7ff7a1d1e415+77285]
	GetHandleVerifier [0x0x7ff7a1d1e470+77376]
	(No symbol) [0x0x7ff7a1ae9a6a]
	(No symbol) [0x0x7ff7a1ac1f21]
	(No symbol) [0x0x7ff7a1b6f9be]
	(No symbol) [0x0x7ff7a1b90192]
	(No symbol) [0x0x7ff7a1b683e3]
	(No symbol) [0x0x7ff7a1b31521]
	(No symbol) [0x0x7ff7a1b322b3]
	GetHandleVerifier [0x0x7ff7a2001efd+3107021]
	GetHandleVerifier [0x0x7ff7a1ffc29d+3083373]
	GetHandleVerifier [0x0x7ff7a201bedd+3213485]
	GetHandleVerifier [0x0x7ff7a1d3884e+184862]
	GetHandleVerifier [0x0x7ff7a1d4055f+216879]
	GetHandleVerifier [0x0x7ff7a1d27084+113236]
	GetHandleVerifier [0x0x7ff7a1d27239+113673]
	GetHandleVerifier [0x0x7ff7a1d0e298+11368]
	BaseThreadInitThunk [0x0x7ff99c54257d+29]
	RtlUserThreadStart [0x0x7ff99c96af08+40]
</msg>
</errors>
</robot>
