<?xml version="1.0" encoding="UTF-8"?>
<robot generator="Robot 7.2.2 (Python 3.13.3 on win32)" generated="2025-08-02T11:49:32.815810" rpa="false" schemaversion="5">
<suite id="s1" name="Auth Tests" source="C:\Users\FINAPPS\Desktop\ISI\MP1GL\TEST_LOGICIEL_QA\YORO_GUEYE_KHALIFA_ABABACAR_DIADHIOU_EXAMEN_QA_TEST_M1GL\TEST_LAB1\testcases\auth_tests.robot">
<kw name="Setup All Sessions" owner="auth_keywords" type="SETUP">
<kw name="Create Session" owner="RequestsLibrary">
<msg time="2025-08-02T11:49:34.077703" level="INFO">Creating Session using : alias=fakestore, url=https://fakestoreapi.com, headers={'Content-Type': 'application/json'},                     cookies={}, auth=None, timeout=None, proxies=None, verify=False,                     debug=0 </msg>
<arg>fakestore</arg>
<arg>${BASE_URL}</arg>
<arg>headers=${HEADERS}</arg>
<doc>Create Session: create a HTTP session to a server</doc>
<status status="PASS" start="2025-08-02T11:49:34.076795" elapsed="0.001565"/>
</kw>
<kw name="Connect To MongoDB" owner="auth_keywords">
<kw name="Connect To Mongodb" owner="MongoLib">
<msg time="2025-08-02T11:49:34.827585" level="INFO">${db} = Database(MongoClient(host=['ac-js8vbsb-shard-00-02.cyehav6.mongodb.net:27017', 'ac-js8vbsb-shard-00-01.cyehav6.mongodb.net:27017', 'ac-js8vbsb-shard-00-00.cyehav6.mongodb.net:27017'], document_class=d...</msg>
<var>${db}</var>
<arg>${uri}</arg>
<arg>${db_name}</arg>
<status status="PASS" start="2025-08-02T11:49:34.079687" elapsed="0.748071"/>
</kw>
<kw name="Set Test Variable" owner="BuiltIn">
<msg time="2025-08-02T11:49:34.829014" level="INFO">${DB} = Database(MongoClient(host=['ac-js8vbsb-shard-00-02.cyehav6.mongodb.net:27017', 'ac-js8vbsb-shard-00-01.cyehav6.mongodb.net:27017', 'ac-js8vbsb-shard-00-00.cyehav6.mongodb.net:27017'], document_class=d...</msg>
<arg>${DB}</arg>
<arg>${db}</arg>
<doc>Makes a variable available everywhere within the scope of the current test.</doc>
<status status="PASS" start="2025-08-02T11:49:34.828344" elapsed="0.000759"/>
</kw>
<arg>${DB_URI}</arg>
<arg>fakestore</arg>
<status status="PASS" start="2025-08-02T11:49:34.079013" elapsed="0.750306"/>
</kw>
<status status="PASS" start="2025-08-02T11:49:34.074915" elapsed="0.754514"/>
</kw>
<test id="s1-t1" name="Login with valid credentials" line="10">
<kw name="Create Dictionary" owner="BuiltIn">
<msg time="2025-08-02T11:49:34.831431" level="INFO">${credentials} = {'username': 'johnd', 'password': 'm38rmF$'}</msg>
<var>${credentials}</var>
<arg>username=johnd</arg>
<arg>password=m38rmF$</arg>
<doc>Creates and returns a dictionary based on the given ``items``.</doc>
<status status="PASS" start="2025-08-02T11:49:34.830975" elapsed="0.000502"/>
</kw>
<kw name="Login With Credentials" owner="auth_keywords">
<kw name="POST On Session" owner="RequestsLibrary">
<msg time="2025-08-02T11:49:35.556833" level="INFO">POST Request : url=https://fakestoreapi.com/auth/login 
 path_url=/auth/login 
 headers={'User-Agent': 'python-requests/2.32.3', 'Accept-Encoding': 'gzip, deflate', 'Accept': '*/*', 'Connection': 'keep-alive', 'Content-Type': 'application/json', 'Content-Length': '44'} 
 body=b'{"username": "johnd", "password": "m38rmF$"}' 
 </msg>
<msg time="2025-08-02T11:49:35.557078" level="INFO">POST Response : url=https://fakestoreapi.com/auth/login 
 status=200, reason=OK 
 headers={'Date': 'Sat, 02 Aug 2025 11:49:36 GMT', 'Content-Type': 'application/json; charset=utf-8', 'Transfer-Encoding': 'chunked', 'Connection': 'keep-alive', 'Access-Control-Allow-Origin': '*', 'Etag': 'W/"94-XOekBozNkoCdPtaGRTBXpPyocfU"', 'X-Powered-By': 'Express', 'Cf-Cache-Status': 'DYNAMIC', 'Nel': '{"report_to":"cf-nel","success_fraction":0.0,"max_age":604800}', 'Report-To': '{"group":"cf-nel","max_age":604800,"endpoints":[{"url":"https://a.nel.cloudflare.com/report/v4?s=Ph4o4tEJFrHq4%2FNGhMJ8GsPM%2F%2B8Z%2FqV%2BlqxVmk%2FGA0dGinmWT1n9iI9l5c34AlFAxyDj0V2RT8RZ85bNs49QK58CFH5kQeryfln9QTLe"}]}', 'Content-Encoding': 'gzip', 'Server': 'cloudflare', 'CF-RAY': '968d5a52daf70267-MAD', 'alt-svc': 'h3=":443"; ma=86400'} 
 body={"token":"eyJhbGciOiJIUzI1NiIsInR5cCI6IkpXVCJ9.eyJzdWIiOjEsInVzZXIiOiJqb2huZCIsImlhdCI6MTc1NDEzNTM3Nn0.2URIzZrjKsBeZlVb7CGct4HBz34L3yGA2TsLnjpLRcA"} 
 </msg>
<msg time="2025-08-02T11:49:35.557242" level="INFO">C:\Users\FINAPPS\AppData\Local\Programs\Python\Python313\Lib\site-packages\urllib3\connectionpool.py:1097: InsecureRequestWarning: Unverified HTTPS request is being made to host 'fakestoreapi.com'. Adding certificate verification is strongly advised. See: https://urllib3.readthedocs.io/en/latest/advanced-usage.html#tls-warnings
  warnings.warn(</msg>
<msg time="2025-08-02T11:49:35.557892" level="INFO">${response} = &lt;Response [200]&gt;</msg>
<var>${response}</var>
<arg>fakestore</arg>
<arg>/auth/login</arg>
<arg>json=${credentials}</arg>
<doc>Sends a POST request on a previously created HTTP Session.</doc>
<status status="PASS" start="2025-08-02T11:49:34.832541" elapsed="0.725448"/>
</kw>
<kw name="Should Be Equal As Strings" owner="BuiltIn">
<msg time="2025-08-02T11:49:35.559311" level="INFO">Argument types are:
&lt;class 'int'&gt;
&lt;class 'str'&gt;</msg>
<arg>${response.status_code}</arg>
<arg>200</arg>
<doc>Fails if objects are unequal after converting them to strings.</doc>
<status status="PASS" start="2025-08-02T11:49:35.558416" elapsed="0.000999"/>
</kw>
<kw name="To Json" owner="RequestsLibrary">
<msg time="2025-08-02T11:49:35.559587" level="WARN">Keyword 'RequestsLibrary.To Json' is deprecated. Please use ${resp.json()} instead. Have a look at the improved HTML output as pretty printing replacement.</msg>
<msg time="2025-08-02T11:49:35.562045" level="INFO">To JSON using : content={"token":"eyJhbGciOiJIUzI1NiIsInR5cCI6IkpXVCJ9.eyJzdWIiOjEsInVzZXIiOiJqb2huZCIsImlhdCI6MTc1NDEzNTM3Nn0.2URIzZrjKsBeZlVb7CGct4HBz34L3yGA2TsLnjpLRcA"} </msg>
<msg time="2025-08-02T11:49:35.562096" level="INFO">To JSON using : pretty_print=False </msg>
<msg time="2025-08-02T11:49:35.562191" level="INFO">${json} = {'token': 'eyJhbGciOiJIUzI1NiIsInR5cCI6IkpXVCJ9.eyJzdWIiOjEsInVzZXIiOiJqb2huZCIsImlhdCI6MTc1NDEzNTM3Nn0.2URIzZrjKsBeZlVb7CGct4HBz34L3yGA2TsLnjpLRcA'}</msg>
<var>${json}</var>
<arg>${response.content}</arg>
<doc>*DEPRECATED* Please use ${resp.json()} instead. Have a look at the improved HTML output as pretty printing replacement.</doc>
<status status="PASS" start="2025-08-02T11:49:35.559554" elapsed="0.002661"/>
</kw>
<return>
<value>${json}</value>
<status status="PASS" start="2025-08-02T11:49:35.562311" elapsed="0.000104"/>
</return>
<msg time="2025-08-02T11:49:35.562580" level="INFO">${token} = {'token': 'eyJhbGciOiJIUzI1NiIsInR5cCI6IkpXVCJ9.eyJzdWIiOjEsInVzZXIiOiJqb2huZCIsImlhdCI6MTc1NDEzNTM3Nn0.2URIzZrjKsBeZlVb7CGct4HBz34L3yGA2TsLnjpLRcA'}</msg>
<var>${token}</var>
<arg>${credentials}</arg>
<status status="PASS" start="2025-08-02T11:49:34.832154" elapsed="0.730451"/>
</kw>
<kw name="Should Not Be Empty" owner="BuiltIn">
<msg time="2025-08-02T11:49:35.563356" level="INFO">Length is 1.</msg>
<arg>${token}</arg>
<doc>Verifies that the given item is not empty.</doc>
<status status="PASS" start="2025-08-02T11:49:35.563037" elapsed="0.000514"/>
</kw>
<tag>auth</tag>
<tag>positive</tag>
<status status="PASS" start="2025-08-02T11:49:34.829558" elapsed="0.734567"/>
</test>
<status status="PASS" start="2025-08-02T11:49:32.820278" elapsed="2.745936"/>
</suite>
<statistics>
<total>
<stat pass="1" fail="0" skip="0">All Tests</stat>
</total>
<tag>
<stat pass="1" fail="0" skip="0">auth</stat>
<stat pass="1" fail="0" skip="0">positive</stat>
</tag>
<suite>
<stat name="Auth Tests" id="s1" pass="1" fail="0" skip="0">Auth Tests</stat>
</suite>
</statistics>
<errors>
<msg time="2025-08-02T11:49:35.559587" level="WARN">Keyword 'RequestsLibrary.To Json' is deprecated. Please use ${resp.json()} instead. Have a look at the improved HTML output as pretty printing replacement.</msg>
</errors>
</robot>
