<?xml version="1.0" encoding="UTF-8"?>
<robot generator="Robot 7.2.2 (Python 3.13.3 on win32)" generated="2025-08-01T13:04:33.334499" rpa="false" schemaversion="5">
<suite id="s1" name="Carts Tests" source="C:\Users\FINAPPS\Desktop\ISI\MP1GL\TEST_LOGICIEL_QA\YORO_GUEYE_KHALIFA_ABABACAR_DIADHIOU_EXAMEN_QA_TEST_M1GL\TEST_LAB1\testcases\carts_tests.robot">
<kw name="Setup All Sessions" type="SETUP">
<kw name="Create Session To FakeStore" owner="carts_keywords">
<kw name="Create Session" owner="RequestsLibrary">
<msg time="2025-08-01T13:04:34.454002" level="INFO">Creating Session using : alias=fakestore, url=https://fakestoreapi.com, headers={'Content-Type': 'application/json'},                     cookies={}, auth=None, timeout=None, proxies=None, verify=False,                     debug=0 </msg>
<arg>fakestore</arg>
<arg>${BASE_URL}</arg>
<arg>headers=${HEADERS}</arg>
<doc>Create Session: create a HTTP session to a server</doc>
<status status="PASS" start="2025-08-01T13:04:34.453590" elapsed="0.000887"/>
</kw>
<status status="PASS" start="2025-08-01T13:04:34.452936" elapsed="0.001763"/>
</kw>
<kw name="Create Session To MongoDB" owner="carts_keywords">
<kw name="Create Session" owner="RequestsLibrary">
<msg time="2025-08-01T13:04:34.455544" level="INFO">Creating Session using : alias=mongodb, url=mongodb+srv://diadhiouababacarpro:gFyrdr0P2GTcmLIJ@CluterMongo.mongodb.net/fakestore?retryWrites=true&amp;w=majority, headers={'Content-Type': 'application/json'},                     cookies={}, auth=None, timeout=None, proxies=None, verify=False,                     debug=0 </msg>
<arg>mongodb</arg>
<arg>${DB_URI}</arg>
<arg>headers=${HEADERS}</arg>
<doc>Create Session: create a HTTP session to a server</doc>
<status status="PASS" start="2025-08-01T13:04:34.455210" elapsed="0.000594"/>
</kw>
<status status="PASS" start="2025-08-01T13:04:34.454919" elapsed="0.001007"/>
</kw>
<status status="PASS" start="2025-08-01T13:04:34.452443" elapsed="0.003549"/>
</kw>
<test id="s1-t1" name="Delete cart by ID" line="53">
<kw name="Delete a cart" owner="carts_keywords">
<kw name="DELETE On Session" owner="RequestsLibrary">
<msg time="2025-08-01T13:04:34.893853" level="INFO">DELETE Request : url=https://fakestoreapi.com/carts/1 
 path_url=/carts/1 
 headers={'User-Agent': 'python-requests/2.32.3', 'Accept-Encoding': 'gzip, deflate', 'Accept': '*/*', 'Connection': 'keep-alive', 'Content-Type': 'application/json', 'Content-Length': '0'} 
 body=None 
 </msg>
<msg time="2025-08-01T13:04:34.894081" level="INFO">DELETE Response : url=https://fakestoreapi.com/carts/1 
 status=200, reason=OK 
 headers={'Date': 'Fri, 01 Aug 2025 13:04:34 GMT', 'Content-Type': 'application/json; charset=utf-8', 'Transfer-Encoding': 'chunked', 'Connection': 'keep-alive', 'Access-Control-Allow-Origin': '*', 'Etag': 'W/"a1-wvAyaNKAHffOoZd5/I4wHuNFvSs"', 'X-Powered-By': 'Express', 'Cf-Cache-Status': 'DYNAMIC', 'Nel': '{"report_to":"cf-nel","success_fraction":0.0,"max_age":604800}', 'Report-To': '{"group":"cf-nel","max_age":604800,"endpoints":[{"url":"https://a.nel.cloudflare.com/report/v4?s=hJN9eI4FvMApL8xZrwiK67lHgcCPg8%2BsXX%2BgplsKp3WOQ5YovY6YZXgajfoFZLJDRpp4cHGPQKRPkYJ7dmNG0v%2Frzyu1WgrE461sACSmYt8%3D"}]}', 'Content-Encoding': 'gzip', 'Server': 'cloudflare', 'CF-RAY': '96858ac84be88aa0-MRS', 'alt-svc': 'h3=":443"; ma=86400'} 
 body={"id":1,"userId":1,"date":"2020-03-02T00:00:00.000Z","products":[{"productId":1,"quantity":4},{"productId":2,"quantity":1},{"productId":3,"quantity":6}],"__v":0} 
 </msg>
<msg time="2025-08-01T13:04:34.894185" level="INFO">C:\Users\FINAPPS\AppData\Local\Programs\Python\Python313\Lib\site-packages\urllib3\connectionpool.py:1097: InsecureRequestWarning: Unverified HTTPS request is being made to host 'fakestoreapi.com'. Adding certificate verification is strongly advised. See: https://urllib3.readthedocs.io/en/latest/advanced-usage.html#tls-warnings
  warnings.warn(</msg>
<msg time="2025-08-01T13:04:34.894531" level="INFO">${response} = &lt;Response [200]&gt;</msg>
<var>${response}</var>
<arg>fakestore</arg>
<arg>/carts/${id}</arg>
<doc>Sends a DELETE request on a previously created HTTP Session.</doc>
<status status="PASS" start="2025-08-01T13:04:34.457357" elapsed="0.437218"/>
</kw>
<kw name="Should Be Equal As Strings" owner="BuiltIn">
<msg time="2025-08-01T13:04:34.895475" level="INFO">Argument types are:
&lt;class 'int'&gt;
&lt;class 'str'&gt;</msg>
<arg>${response.status_code}</arg>
<arg>200</arg>
<doc>Fails if objects are unequal after converting them to strings.</doc>
<status status="PASS" start="2025-08-01T13:04:34.894785" elapsed="0.000791"/>
</kw>
<return>
<value>${response.json()}</value>
<status status="PASS" start="2025-08-01T13:04:34.895710" elapsed="0.000078"/>
</return>
<msg time="2025-08-01T13:04:34.896586" level="INFO">${response} = {'id': 1, 'userId': 1, 'date': '2020-03-02T00:00:00.000Z', 'products': [{'productId': 1, 'quantity': 4}, {'productId': 2, 'quantity': 1}, {'productId': 3, 'quantity': 6}], '__v': 0}</msg>
<var>${response}</var>
<arg>1</arg>
<status status="PASS" start="2025-08-01T13:04:34.456937" elapsed="0.439707"/>
</kw>
<kw name="Should Contain" owner="BuiltIn">
<arg>${response}</arg>
<arg>id</arg>
<doc>Fails if ``container`` does not contain ``item`` one or more times.</doc>
<status status="PASS" start="2025-08-01T13:04:34.897021" elapsed="0.000272"/>
</kw>
<tag>carts</tag>
<tag>positive5</tag>
<status status="PASS" start="2025-08-01T13:04:34.456086" elapsed="0.441539"/>
</test>
<status status="PASS" start="2025-08-01T13:04:33.338893" elapsed="1.559713"/>
</suite>
<statistics>
<total>
<stat pass="1" fail="0" skip="0">All Tests</stat>
</total>
<tag>
<stat pass="1" fail="0" skip="0">carts</stat>
<stat pass="1" fail="0" skip="0">positive5</stat>
</tag>
<suite>
<stat name="Carts Tests" id="s1" pass="1" fail="0" skip="0">Carts Tests</stat>
</suite>
</statistics>
<errors>
</errors>
</robot>
